[2026-03-07 23:53:41][INFO] [ThreadPool] resized to 4 threads
[2026-03-07 23:53:41][INFO] [Server] listening on port 8080
[2026-03-07 23:53:42][INFO] [Monitor] CPU=0% Mem=3.33594MB TPS=0
[2026-03-07 23:53:43][INFO] [Monitor] CPU=0% Mem=3.46875MB TPS=0
[2026-03-07 23:53:44][INFO] [Monitor] CPU=0% Mem=3.47266MB TPS=0
[2026-03-07 23:53:45][INFO] [Monitor] CPU=0% Mem=3.47266MB TPS=0
[2026-03-07 23:53:46][INFO] [Monitor] CPU=0% Mem=3.47266MB TPS=0
[2026-03-07 23:53:47][INFO] [Monitor] CPU=0% Mem=3.47266MB TPS=0
[2026-03-07 23:53:48][INFO] [Monitor] CPU=0.9969% Mem=3.47266MB TPS=0
[2026-03-07 23:53:49][INFO] [Monitor] CPU=0% Mem=3.47266MB TPS=0
[2026-03-07 23:53:50][INFO] [Monitor] CPU=0.999549% Mem=3.47266MB TPS=0
[2026-03-07 23:53:51][INFO] [Monitor] CPU=0% Mem=3.47266MB TPS=0
[2026-03-07 23:53:52][INFO] [Monitor] CPU=0% Mem=3.47266MB TPS=0
[2026-03-07 23:53:53][INFO] [Monitor] CPU=0% Mem=3.47266MB TPS=0
[2026-03-07 23:53:54][INFO] [Monitor] CPU=0.99949% Mem=3.47266MB TPS=0
[2026-03-07 23:53:55][INFO] [Monitor] CPU=0% Mem=3.47266MB TPS=0
[2026-03-07 23:53:56][INFO] [Monitor] CPU=52.9417% Mem=3.55078MB TPS=5489
[2026-03-07 23:53:57][INFO] [Monitor] CPU=85.9324% Mem=3.55078MB TPS=7131
[2026-03-07 23:53:57][WARN] [ALARM] CPU warning: 85.932401%
[2026-03-07 23:53:58][INFO] [Monitor] CPU=78.9804% Mem=3.55469MB TPS=9245
[2026-03-07 23:53:59][INFO] [Monitor] CPU=83.9176% Mem=3.55469MB TPS=8249
[2026-03-07 23:53:59][WARN] [ALARM] CPU warning: 83.917618%
[2026-03-07 23:54:00][INFO] [Monitor] CPU=84.7223% Mem=3.55469MB TPS=7670
[2026-03-07 23:54:00][WARN] [ALARM] CPU warning: 84.722324%
[2026-03-07 23:54:01][INFO] [Monitor] CPU=73.5225% Mem=3.55469MB TPS=11715
[2026-03-07 23:54:01][WARN] [ALARM] TPS warning: 11715
[2026-03-07 23:54:02][INFO] [Monitor] CPU=74.8504% Mem=3.55469MB TPS=8139
[2026-03-07 23:54:03][INFO] [Monitor] CPU=85.9528% Mem=3.55469MB TPS=7721
[2026-03-07 23:54:03][WARN] [ALARM] CPU warning: 85.952842%
[2026-03-07 23:54:04][INFO] [Monitor] CPU=83.9409% Mem=3.55469MB TPS=8217
[2026-03-07 23:54:05][INFO] [Monitor] CPU=87.9625% Mem=3.55469MB TPS=8157
[2026-03-07 23:54:06][INFO] [Monitor] CPU=88.9366% Mem=3.55469MB TPS=8258
[2026-03-07 23:54:06][WARN] [ALARM] CPU warning: 88.936611%
[2026-03-07 23:54:07][INFO] [Monitor] CPU=88.951% Mem=3.55469MB TPS=7125
[2026-03-07 23:54:07][WARN] [ALARM] CPU warning: 88.951010%
[2026-03-07 23:54:08][INFO] [Monitor] CPU=90.9659% Mem=3.55469MB TPS=4337
[2026-03-07 23:54:09][INFO] [Monitor] CPU=87.9154% Mem=3.55469MB TPS=4508
[2026-03-07 23:54:10][INFO] [Monitor] CPU=91.91% Mem=3.55469MB TPS=4170
[2026-03-07 23:54:10][WARN] [ALARM] CPU warning: 91.909977%
[2026-03-07 23:54:11][INFO] [Monitor] CPU=83.9617% Mem=3.55469MB TPS=7062
[2026-03-07 23:54:11][WARN] [ALARM] CPU warning: 83.961712%
[2026-03-07 23:54:12][INFO] [Monitor] CPU=66.8053% Mem=3.55469MB TPS=7623
[2026-03-07 23:54:13][INFO] [Monitor] CPU=84.9371% Mem=3.55469MB TPS=7417
[2026-03-07 23:54:14][INFO] [Monitor] CPU=90.956% Mem=3.55469MB TPS=7878
[2026-03-07 23:54:14][WARN] [ALARM] CPU warning: 90.956017%
[2026-03-07 23:54:15][INFO] [Monitor] CPU=90.9678% Mem=3.55469MB TPS=8093
[2026-03-07 23:54:15][WARN] [ALARM] CPU warning: 90.967786%
[2026-03-07 23:54:16][INFO] [Monitor] CPU=90.955% Mem=3.55469MB TPS=7553
[2026-03-07 23:54:16][WARN] [ALARM] CPU warning: 90.954966%
[2026-03-07 23:54:17][INFO] [Monitor] CPU=89.9563% Mem=3.55469MB TPS=7600
[2026-03-07 23:54:17][WARN] [ALARM] CPU warning: 89.956349%
[2026-03-07 23:54:18][INFO] [Monitor] CPU=90.9674% Mem=3.55469MB TPS=7852
[2026-03-07 23:54:18][WARN] [ALARM] CPU warning: 90.967440%
[2026-03-07 23:54:19][INFO] [Monitor] CPU=90.9589% Mem=3.55469MB TPS=8224
[2026-03-07 23:54:19][WARN] [ALARM] CPU warning: 90.958919%
[2026-03-07 23:54:20][INFO] [Monitor] CPU=90.961% Mem=3.55469MB TPS=8187
[2026-03-07 23:54:20][WARN] [ALARM] CPU warning: 90.961037%
[2026-03-07 23:54:20][INFO] Shutting down...
[2026-03-07 23:54:21][INFO] [Server] stopped.
[2026-03-07 23:54:21][INFO] [Server] Total requests: 195663
[2026-03-07 23:54:21][INFO] Server exited gracefully.
[2026-03-07 23:55:46][INFO] [ThreadPool] resized to 4 threads
[2026-03-07 23:55:46][INFO] [Server] listening on port 8080
[2026-03-07 23:55:47][INFO] [AsyncLogger] log level updated
[2026-03-07 23:55:47][INFO] [Monitor] CPU=0% Mem=3.35156MB TPS=0
[2026-03-07 23:55:48][INFO] [Monitor] CPU=0% Mem=3.48438MB TPS=0
[2026-03-07 23:55:49][INFO] [Monitor] CPU=0% Mem=3.5625MB TPS=3674
[2026-03-07 23:55:50][INFO] [Monitor] CPU=74.4183% Mem=3.5625MB TPS=8692
[2026-03-07 23:55:51][INFO] [Monitor] CPU=74.9441% Mem=3.5625MB TPS=7153
[2026-03-07 23:55:52][INFO] [Monitor] CPU=92.9703% Mem=3.56641MB TPS=7287
[2026-03-07 23:55:52][WARN] [ALARM] CPU warning: 92.970288%
[2026-03-07 23:55:53][INFO] [Monitor] CPU=95.9395% Mem=3.56641MB TPS=7362
[2026-03-07 23:55:53][WARN] [ALARM] CPU warning: 95.939454%
[2026-03-07 23:55:54][INFO] [Monitor] CPU=92.96% Mem=3.56641MB TPS=7665
[2026-03-07 23:55:54][WARN] [ALARM] CPU warning: 92.960002%
[2026-03-07 23:55:55][INFO] [Monitor] CPU=91.9551% Mem=3.56641MB TPS=8213
[2026-03-07 23:55:55][WARN] [ALARM] CPU warning: 91.955086%
[2026-03-07 23:55:56][INFO] [Monitor] CPU=83.9646% Mem=3.56641MB TPS=8224
[2026-03-07 23:55:57][INFO] [Monitor] CPU=73.978% Mem=3.56641MB TPS=7188
[2026-03-07 23:55:58][INFO] [Monitor] CPU=90.9372% Mem=3.56641MB TPS=7164
[2026-03-07 23:55:58][WARN] [ALARM] CPU warning: 90.937180%
[2026-03-07 23:55:59][INFO] [Monitor] CPU=85.8902% Mem=3.56641MB TPS=8562
[2026-03-07 23:55:59][WARN] [ALARM] CPU warning: 85.890185%
[2026-03-07 23:56:00][INFO] [ConfigManager] thread_num: 4 -> 2
[2026-03-07 23:56:00][INFO] [ThreadPool] resized to 2 threads
[2026-03-07 23:56:00][INFO] [AsyncLogger] log level updated
[2026-03-07 23:56:00][INFO] [Monitor] CPU=80.9309% Mem=3.75781MB TPS=8502
[2026-03-07 23:56:00][WARN] [ALARM] CPU warning: 80.930938%
[2026-03-07 23:56:01][INFO] [Monitor] CPU=74.9812% Mem=5.04297MB TPS=16503
[2026-03-07 23:56:01][WARN] [ALARM] TPS warning: 16503
[2026-03-07 23:56:02][INFO] [Monitor] CPU=75.9671% Mem=6.53516MB TPS=19220
[2026-03-07 23:56:03][INFO] [Monitor] CPU=80.8985% Mem=8.05469MB TPS=19508
[2026-03-07 23:56:03][WARN] [ALARM] CPU warning: 80.898494%
[2026-03-07 23:56:03][WARN] [ALARM] TPS warning: 19508
[2026-03-07 23:56:04][INFO] [Monitor] CPU=73.8903% Mem=9.54297MB TPS=19166
[2026-03-07 23:56:04][WARN] [ALARM] TPS warning: 19166
[2026-03-07 23:56:05][INFO] [Monitor] CPU=82.9581% Mem=10.9492MB TPS=18079
[2026-03-07 23:56:05][WARN] [ALARM] CPU warning: 82.958062%
[2026-03-07 23:56:05][WARN] [ALARM] TPS warning: 18079
[2026-03-07 23:56:06][INFO] [Monitor] CPU=79.9117% Mem=12.5547MB TPS=20690
[2026-03-07 23:56:06][ERROR] [ALARM] TPS too high: 20690
[2026-03-07 23:56:07][INFO] [Monitor] CPU=78.8907% Mem=14.4375MB TPS=24233
[2026-03-07 23:56:07][ERROR] [ALARM] TPS too high: 24233
[2026-03-07 23:56:08][INFO] [Monitor] CPU=74.812% Mem=16.0391MB TPS=20606
[2026-03-07 23:56:08][ERROR] [ALARM] TPS too high: 20606
[2026-03-07 23:56:09][INFO] [Monitor] CPU=73.9532% Mem=17.7031MB TPS=21375
[2026-03-07 23:56:09][ERROR] [ALARM] TPS too high: 21375
[2026-03-07 23:56:10][INFO] [Monitor] CPU=83.9661% Mem=19.2422MB TPS=19834
[2026-03-07 23:56:10][WARN] [ALARM] CPU warning: 83.966079%
[2026-03-07 23:56:10][WARN] [ALARM] TPS warning: 19834
[2026-03-07 23:56:11][INFO] [Monitor] CPU=87.8152% Mem=20.9688MB TPS=22183
[2026-03-07 23:56:11][WARN] [ALARM] CPU warning: 87.815150%
[2026-03-07 23:56:11][ERROR] [ALARM] TPS too high: 22183
[2026-03-07 23:56:12][INFO] [Monitor] CPU=85.9425% Mem=22.793MB TPS=23496
[2026-03-07 23:56:13][INFO] [Monitor] CPU=80.9017% Mem=24.7109MB TPS=24649
[2026-03-07 23:56:13][WARN] [ALARM] CPU warning: 80.901718%
[2026-03-07 23:56:13][ERROR] [ALARM] TPS too high: 24649
[2026-03-07 23:56:14][INFO] [Monitor] CPU=79.9458% Mem=26.2969MB TPS=20388
[2026-03-07 23:56:14][ERROR] [ALARM] TPS too high: 20388
[2026-03-07 23:56:15][INFO] [Monitor] CPU=79.9691% Mem=28.1602MB TPS=23964
[2026-03-07 23:56:15][ERROR] [ALARM] TPS too high: 23964
[2026-03-07 23:56:16][INFO] [Monitor] CPU=83.7642% Mem=30.0781MB TPS=24672
[2026-03-07 23:56:16][WARN] [ALARM] CPU warning: 83.764204%
[2026-03-07 23:56:16][ERROR] [ALARM] TPS too high: 24672
[2026-03-07 23:56:17][INFO] [Monitor] CPU=81.537% Mem=31.9922MB TPS=24652
[2026-03-07 23:56:18][INFO] [Monitor] CPU=82.9069% Mem=33.9922MB TPS=25710
[2026-03-07 23:56:18][WARN] [ALARM] CPU warning: 82.906947%
[2026-03-07 23:56:18][ERROR] [ALARM] TPS too high: 25710
[2026-03-07 23:56:19][INFO] [Monitor] CPU=78.9679% Mem=35.6641MB TPS=21589
[2026-03-07 23:56:19][ERROR] [ALARM] TPS too high: 21589
[2026-03-07 23:56:20][INFO] [Monitor] CPU=81.8998% Mem=37.4766MB TPS=23261
[2026-03-07 23:56:20][WARN] [ALARM] CPU warning: 81.899773%
[2026-03-07 23:56:20][ERROR] [ALARM] TPS too high: 23261
[2026-03-07 23:56:21][INFO] [Monitor] CPU=76.9545% Mem=39.2578MB TPS=22941
[2026-03-07 23:56:21][ERROR] [ALARM] TPS too high: 22941
[2026-03-07 23:56:22][INFO] [Monitor] CPU=76.7533% Mem=40.9023MB TPS=21203
[2026-03-07 23:56:22][ERROR] [ALARM] TPS too high: 21203
[2026-03-07 23:56:23][INFO] [Monitor] CPU=76.7299% Mem=42.5391MB TPS=21017
[2026-03-07 23:56:23][ERROR] [ALARM] TPS too high: 21017
[2026-03-07 23:56:24][INFO] [Monitor] CPU=78.8455% Mem=43.9414MB TPS=18053
[2026-03-07 23:56:24][WARN] [ALARM] TPS warning: 18053
[2026-03-07 23:56:25][INFO] [Monitor] CPU=72.8605% Mem=45.5195MB TPS=20337
[2026-03-07 23:56:25][ERROR] [ALARM] TPS too high: 20337
[2026-03-07 23:56:26][INFO] [Monitor] CPU=79.9209% Mem=47.125MB TPS=20629
[2026-03-07 23:56:26][ERROR] [ALARM] TPS too high: 20629
[2026-03-07 23:56:27][INFO] [Monitor] CPU=78.9593% Mem=48.9336MB TPS=23268
[2026-03-07 23:56:27][ERROR] [ALARM] TPS too high: 23268
[2026-03-07 23:56:28][INFO] [ConfigManager] thread_num: 2 -> 3
[2026-03-07 23:56:28][INFO] [ThreadPool] resized to 3 threads
[2026-03-07 23:56:28][INFO] [AsyncLogger] log level updated
[2026-03-07 23:56:28][INFO] [Monitor] CPU=78.9596% Mem=50.6875MB TPS=22540
[2026-03-07 23:56:28][ERROR] [ALARM] TPS too high: 22540
[2026-03-07 23:56:29][INFO] [Monitor] CPU=77.9176% Mem=52.3047MB TPS=20847
[2026-03-07 23:56:29][ERROR] [ALARM] TPS too high: 20847
[2026-03-07 23:56:30][INFO] [Monitor] CPU=80.9492% Mem=53.7305MB TPS=18328
[2026-03-07 23:56:31][INFO] [Monitor] CPU=77.89% Mem=55.5938MB TPS=23956
[2026-03-07 23:56:31][ERROR] [ALARM] TPS too high: 23956
[2026-03-07 23:56:32][INFO] [Monitor] CPU=75.7473% Mem=56.9492MB TPS=17466
[2026-03-07 23:56:32][WARN] [ALARM] TPS warning: 17466
[2026-03-07 23:56:33][INFO] [Monitor] CPU=76.9111% Mem=58.5781MB TPS=20943
[2026-03-07 23:56:34][INFO] [Monitor] CPU=81.8789% Mem=60.2695MB TPS=21739
[2026-03-07 23:56:34][WARN] [ALARM] CPU warning: 81.878910%
[2026-03-07 23:56:34][ERROR] [ALARM] TPS too high: 21739
[2026-03-07 23:56:35][INFO] [Monitor] CPU=76.9748% Mem=62.0273MB TPS=22663
[2026-03-07 23:56:35][ERROR] [ALARM] TPS too high: 22663
[2026-03-07 23:56:36][INFO] [Monitor] CPU=79.9206% Mem=63.8008MB TPS=22796
[2026-03-07 23:56:36][ERROR] [ALARM] TPS too high: 22796
[2026-03-07 23:56:37][INFO] [Monitor] CPU=82.9833% Mem=65.6367MB TPS=23603
[2026-03-07 23:56:37][WARN] [ALARM] CPU warning: 82.983311%
[2026-03-07 23:56:37][ERROR] [ALARM] TPS too high: 23603
[2026-03-07 23:56:38][INFO] [Monitor] CPU=82.9754% Mem=67.3555MB TPS=22126
[2026-03-07 23:56:38][WARN] [ALARM] CPU warning: 82.975429%
[2026-03-07 23:56:38][ERROR] [ALARM] TPS too high: 22126
[2026-03-07 23:56:39][INFO] [Monitor] CPU=78.9292% Mem=69.1797MB TPS=23449
[2026-03-07 23:56:39][ERROR] [ALARM] TPS too high: 23449
[2026-03-07 23:56:40][INFO] [Monitor] CPU=72.9541% Mem=70.7227MB TPS=19871
[2026-03-07 23:56:40][WARN] [ALARM] TPS warning: 19871
[2026-03-07 23:56:41][INFO] [ConfigManager] thread_num: 3 -> 1
[2026-03-07 23:56:41][INFO] [ThreadPool] resized to 1 threads
[2026-03-07 23:56:41][INFO] [AsyncLogger] log level updated
[2026-03-07 23:56:41][INFO] [Monitor] CPU=76.6232% Mem=72.2227MB TPS=19285
[2026-03-07 23:56:41][WARN] [ALARM] TPS warning: 19285
[2026-03-07 23:56:42][INFO] [Monitor] CPU=76.9349% Mem=73.9141MB TPS=21782
[2026-03-07 23:56:42][ERROR] [ALARM] TPS too high: 21782
[2026-03-07 23:56:43][INFO] [Monitor] CPU=32.9702% Mem=74.4922MB TPS=7694
[2026-03-07 23:56:44][INFO] [Monitor] CPU=0.999222% Mem=74.4922MB TPS=0
[2026-03-07 23:56:45][INFO] [Monitor] CPU=0% Mem=74.4922MB TPS=0
[2026-03-07 23:56:46][INFO] [Monitor] CPU=0% Mem=74.4922MB TPS=0
[2026-03-07 23:56:47][INFO] [Monitor] CPU=0.998967% Mem=74.4922MB TPS=0
[2026-03-07 23:56:48][INFO] [Monitor] CPU=0% Mem=74.4922MB TPS=0
[2026-03-07 23:56:49][INFO] [Monitor] CPU=0.998043% Mem=74.4922MB TPS=0
[2026-03-07 23:56:50][INFO] [Monitor] CPU=0% Mem=74.4922MB TPS=0
[2026-03-07 23:56:51][INFO] [Monitor] CPU=0% Mem=74.4922MB TPS=0
[2026-03-07 23:56:52][INFO] [Monitor] CPU=0.999052% Mem=74.4922MB TPS=0
[2026-03-07 23:56:52][INFO] Shutting down...
[2026-03-07 23:56:53][INFO] [Server] stopped.
[2026-03-07 23:56:53][INFO] [Server] Total requests: 1000000
[2026-03-07 23:56:53][INFO] Server exited gracefully.
